Aquivo de A.o.  criado com sucesso!
Aquivo de Absalom  criado com sucesso!
Aquivo de Acrobatic Fuwas  criado com sucesso!
Aquivo de Agyo  criado com sucesso!
Aquivo de Aisa  criado com sucesso!
Aquivo de Akumai  criado com sucesso!
Aquivo de Aladdin  criado com sucesso!
Aquivo de Albion  criado com sucesso!
Aquivo de Alvida  criado com sucesso!
Aquivo de Amadob  criado com sucesso!
Aquivo de Amazon  criado com sucesso!
Aquivo de An Zengaiina  criado com sucesso!
Aquivo de Andre  criado com sucesso!
Aquivo de Anjo  criado com sucesso!
Aquivo de Ankoro  criado com sucesso!
Aquivo de Antonio  criado com sucesso!
Aquivo de Aphelandra  criado com sucesso!
Aquivo de Arlong  criado com sucesso!
Aquivo de Atmos  criado com sucesso!
Aquivo de Avalo Pizarro  criado com sucesso!
Aquivo de Babe  criado com sucesso!
Aquivo de Baby 5  criado com sucesso!
Aquivo de Bacura  criado com sucesso!
Aquivo de Bakkin  criado com sucesso!
Aquivo de Banchina  criado com sucesso!
Aquivo de Barão Tamago  criado com sucesso!
Aquivo de Barba Rosa  criado com sucesso!
Aquivo de Bartholomew Kuma  criado com sucesso!
Aquivo de Bartolomeo  criado com sucesso!
Aquivo de Base G-5  criado com sucesso!
Aquivo de Basil Hawkins  criado com sucesso!
Aquivo de Baskerville  criado com sucesso!
Aquivo de Bastille  criado com sucesso!
Aquivo de Batchee  criado com sucesso!
Aquivo de Belladonna  criado com sucesso!
Aquivo de Bellamy  criado com sucesso!
Aquivo de Bellemere  criado com sucesso!
Aquivo de Belo Betty  criado com sucesso!
Aquivo de Benn Beckman  criado com sucesso!
Aquivo de Bentham  criado com sucesso!
Aquivo de Bepo  criado com sucesso!
Aquivo de Big Pan  criado com sucesso!
Aquivo de Bizarre  criado com sucesso!
Aquivo de Blamenco  criado com sucesso!
Aquivo de Blenheim  criado com sucesso!
Aquivo de Blondie  criado com sucesso!
Aquivo de Blue Fan  criado com sucesso!
Aquivo de Blue Gilly  criado com sucesso!
Aquivo de Bluejam  criado com sucesso!
Aquivo de Blueno  criado com sucesso!
Aquivo de Boa Hancok  criado com sucesso!
Aquivo de Boa Marigold  criado com sucesso!
Aquivo de Boa Sandersonia  criado com sucesso!
Aquivo de Bobby Funk  criado com sucesso!
Aquivo de Bomba  criado com sucesso!
Aquivo de Boo  criado com sucesso!
Aquivo de Boodle  criado com sucesso!
Aquivo de Borsalino  criado com sucesso!
Aquivo de Bourbon Jr.  criado com sucesso!
Aquivo de Braham  criado com sucesso!
Aquivo de Brandnew  criado com sucesso!
Aquivo de Brogy  criado com sucesso!
Aquivo de Brontosauro  criado com sucesso!
Aquivo de Brook  criado com sucesso!
Aquivo de Buchi  criado com sucesso!
Aquivo de Buffalo  criado com sucesso!
Aquivo de Buggy  criado com sucesso!
Aquivo de Byron  criado com sucesso!
Aquivo de Cabaji  criado com sucesso!
Aquivo de Caesar Clown  criado com sucesso!
Aquivo de Calgara  criado com sucesso!
Aquivo de Camie  criado com sucesso!
Aquivo de Candre  criado com sucesso!
Aquivo de Candy  criado com sucesso!
Aquivo de Capone Bege  criado com sucesso!
Aquivo de Capone Pez  criado com sucesso!
Aquivo de Capote  criado com sucesso!
Aquivo de Caribou  criado com sucesso!
Aquivo de Carmel  criado com sucesso!
Aquivo de Carne  criado com sucesso!
Aquivo de Carrot  criado com sucesso!
Aquivo de Carue  criado com sucesso!
Aquivo de Catarina Devon  criado com sucesso!
Aquivo de Cavendish  criado com sucesso!
Aquivo de Cerberus  criado com sucesso!
Aquivo de Chabo  criado com sucesso!
Aquivo de Chadros Higelyges  criado com sucesso!
Aquivo de Chaka  criado com sucesso!
Aquivo de Charloss  criado com sucesso!
Aquivo de Charlotte Akimeg  criado com sucesso!
Aquivo de Charlotte Allmeg  criado com sucesso!
Aquivo de Charlotte Amando  criado com sucesso!
Aquivo de Charlotte Anana  criado com sucesso!
Aquivo de Charlotte Angel  criado com sucesso!
Aquivo de Charlotte Anglais  criado com sucesso!
Aquivo de Charlotte Basskarte  criado com sucesso!
Aquivo de Charlotte Bavarois  criado com sucesso!
Aquivo de Charlotte Broyé  criado com sucesso!
Aquivo de Charlotte Brûlée  criado com sucesso!
Aquivo de Charlotte Cabaletta  criado com sucesso!
Aquivo de Charlotte Cadenza  criado com sucesso!
Aquivo de Charlotte Chiffon  criado com sucesso!
Aquivo de Charlotte Cinnamon  criado com sucesso!
Aquivo de Charlotte Citron  criado com sucesso!
Aquivo de Charlotte Compote  criado com sucesso!
Aquivo de Charlotte Cornstarch  criado com sucesso!
Aquivo de Charlotte Counter  criado com sucesso!
Aquivo de Charlotte Cracker  criado com sucesso!
Aquivo de Charlotte Custard  criado com sucesso!
Aquivo de Charlotte Daifuku  criado com sucesso!
Aquivo de Charlotte Dolce  criado com sucesso!
Aquivo de Charlotte Dosmarche  criado com sucesso!
Aquivo de Charlotte Dragée  criado com sucesso!
Aquivo de Charlotte Effilée  criado com sucesso!
Aquivo de Charlotte Flampe  criado com sucesso!
Aquivo de Charlotte Fuyumeg  criado com sucesso!
Aquivo de Charlotte Gala  criado com sucesso!
Aquivo de Charlotte Galette  criado com sucesso!
Aquivo de Charlotte Hachée  criado com sucesso!
Aquivo de Charlotte Harumeg  criado com sucesso!
Aquivo de Charlotte Joscarpone  criado com sucesso!
Aquivo de Charlotte Katakuri  criado com sucesso!
Aquivo de Charlotte Linlin  criado com sucesso!
Aquivo de Charlotte Lola  criado com sucesso!
Aquivo de Charlotte Maple  criado com sucesso!
Aquivo de Charlotte Marble  criado com sucesso!
Aquivo de Charlotte Marnier  criado com sucesso!
Aquivo de Charlotte Mascarpone  criado com sucesso!
Aquivo de Charlotte Mash  criado com sucesso!
Aquivo de Charlotte Mobile  criado com sucesso!
Aquivo de Charlotte Mondée  criado com sucesso!
Aquivo de Charlotte Mont-d’or  criado com sucesso!
Aquivo de Charlotte Moscato  criado com sucesso!
Aquivo de Charlotte Mozart  criado com sucesso!
Aquivo de Charlotte Myukuru  criado com sucesso!
Aquivo de Charlotte Newgo  criado com sucesso!
Aquivo de Charlotte Newichi  criado com sucesso!
Aquivo de Charlotte Newji  criado com sucesso!
Aquivo de Charlotte Newsan  criado com sucesso!
Aquivo de Charlotte Newshi  criado com sucesso!
Aquivo de Charlotte Noisette  criado com sucesso!
Aquivo de Charlotte Nusstorte  criado com sucesso!
Aquivo de Charlotte Nutmeg  criado com sucesso!
Aquivo de Charlotte Opera  criado com sucesso!
Aquivo de Charlotte Oven  criado com sucesso!
Aquivo de Charlotte Perospero  criado com sucesso!
Aquivo de Charlotte Poire  criado com sucesso!
Aquivo de Charlotte Praline  criado com sucesso!
Aquivo de Charlotte Prim  criado com sucesso!
Aquivo de Charlotte Purin  criado com sucesso!
Aquivo de Charlotte Raisin  criado com sucesso!
Aquivo de Charlotte Smoothie  criado com sucesso!
Aquivo de Charlotte Snack  criado com sucesso!
Aquivo de Charlotte Yuen  criado com sucesso!
Aquivo de Chess  criado com sucesso!
Aquivo de Chew  criado com sucesso!
Aquivo de Chicken  criado com sucesso!
Aquivo de Chimney  criado com sucesso!
Aquivo de Chinjao  criado com sucesso!
Aquivo de Chocolat  criado com sucesso!
Aquivo de Clione  criado com sucesso!
Aquivo de Clover  criado com sucesso!
Aquivo de Cocoa  criado com sucesso!
Aquivo de Cocox  criado com sucesso!
Aquivo de Coelho do Mar  criado com sucesso!
Aquivo de Coffee Monkeys  criado com sucesso!
Aquivo de Columbus  criado com sucesso!
Aquivo de Comedor de Ilhas  criado com sucesso!
Aquivo de Comil  criado com sucesso!
Aquivo de Concelot  criado com sucesso!
Aquivo de Conis  criado com sucesso!
Aquivo de Corgi  criado com sucesso!
Aquivo de Coribou  criado com sucesso!
Aquivo de Cosette  criado com sucesso!
Aquivo de Cosmos  criado com sucesso!
Aquivo de Cowboy  criado com sucesso!
Aquivo de Crocodile  criado com sucesso!
Aquivo de Crocodilo Nobre  criado com sucesso!
Aquivo de Crocus  criado com sucesso!
Aquivo de Curiel  criado com sucesso!
Aquivo de Curly Dadan  criado com sucesso!
Aquivo de Dagama  criado com sucesso!
Aquivo de Daigin  criado com sucesso!
Aquivo de Daisy  criado com sucesso!
Aquivo de Dalmatian  criado com sucesso!
Aquivo de Dalton  criado com sucesso!
Aquivo de Daruma  criado com sucesso!
Aquivo de Daz Bones  criado com sucesso!
Aquivo de Delacuaji  criado com sucesso!
Aquivo de Dellinger  criado com sucesso!
Aquivo de Demalo Black  criado com sucesso!
Aquivo de Den  criado com sucesso!
Aquivo de Denjiro  criado com sucesso!
Aquivo de Devil Dias  criado com sucesso!
Aquivo de Dia Dos Chapéus de Palha  criado com sucesso!
Aquivo de Diamante  criado com sucesso!
Aquivo de Dirt Boss  criado com sucesso!
Aquivo de Disco  criado com sucesso!
Aquivo de Doberman  criado com sucesso!
Aquivo de Doc Q  criado com sucesso!
Aquivo de Dogra  criado com sucesso!
Aquivo de Doma  criado com sucesso!
Aquivo de Domino  criado com sucesso!
Aquivo de Domo-kun  criado com sucesso!
Aquivo de Don Krieg  criado com sucesso!
Aquivo de Donquixote Doflamingo  criado com sucesso!
Aquivo de Donquixote Mjosgard  criado com sucesso!
Aquivo de Donquixote Rosinante  criado com sucesso!
Aquivo de Dorry  criado com sucesso!
Aquivo de Dosun  criado com sucesso!
Aquivo de Dracule Mihawk  criado com sucesso!
Aquivo de Dragão Número 13  criado com sucesso!
Aquivo de Drip  criado com sucesso!
Aquivo de Drophy  criado com sucesso!
Aquivo de Drug Peclo  criado com sucesso!
Aquivo de Du Feld  criado com sucesso!
Aquivo de Duval  criado com sucesso!
Aquivo de Edward Newgate  criado com sucesso!
Aquivo de Edward Weevil  criado com sucesso!
Aquivo de Elizabello Ii  criado com sucesso!
Aquivo de Elmy  criado com sucesso!
Aquivo de Emporio Ivankov  criado com sucesso!
Aquivo de Enel  criado com sucesso!
Aquivo de Enishida  criado com sucesso!
Aquivo de Epoida  criado com sucesso!
Aquivo de Époni  criado com sucesso!
Aquivo de Eustass Kid  criado com sucesso!
Aquivo de Farul  criado com sucesso!
Aquivo de Faust  criado com sucesso!
Aquivo de Fisher Tiger  criado com sucesso!
Aquivo de Flapper  criado com sucesso!
Aquivo de Forest Boss  criado com sucesso!
Aquivo de Fossa  criado com sucesso!
Aquivo de Foxy  criado com sucesso!
Aquivo de Franky  criado com sucesso!
Aquivo de Fukaboshi  criado com sucesso!
Aquivo de Fukuro  criado com sucesso!
Aquivo de Fullbody  criado com sucesso!
Aquivo de Funkfreed  criado com sucesso!
Aquivo de Fuza  criado com sucesso!
Aquivo de Gaimon  criado com sucesso!
Aquivo de Galdino  criado com sucesso!
Aquivo de Gambia  criado com sucesso!
Aquivo de Gan Fall  criado com sucesso!
Aquivo de Gatz  criado com sucesso!
Aquivo de Gecko Moria  criado com sucesso!
Aquivo de Gedatsu  criado com sucesso!
Aquivo de Gem  criado com sucesso!
Aquivo de Genbo  criado com sucesso!
Aquivo de Genzo  criado com sucesso!
Aquivo de Gerd  criado com sucesso!
Aquivo de Giberson  criado com sucesso!
Aquivo de Gild Tesoro  criado com sucesso!
Aquivo de Gin  criado com sucesso!
Aquivo de Ginrummy  criado com sucesso!
Aquivo de Giolla  criado com sucesso!
Aquivo de Giovani  criado com sucesso!
Aquivo de Gladius  criado com sucesso!
Aquivo de Gloriosa  criado com sucesso!
Aquivo de Going Merry  criado com sucesso!
Aquivo de Gol D. Roger  criado com sucesso!
Aquivo de Goldberg  criado com sucesso!
Aquivo de Gonbe  criado com sucesso!
Aquivo de Gorilla  criado com sucesso!
Aquivo de Goro  criado com sucesso!
Aquivo de Gotti  criado com sucesso!
Aquivo de Gyoru  criado com sucesso!
Aquivo de Gyro  criado com sucesso!
Aquivo de Hack  criado com sucesso!
Aquivo de Hajrudin  criado com sucesso!
Aquivo de Ham Burger  criado com sucesso!
Aquivo de Hamburg  criado com sucesso!
Aquivo de Hammond  criado com sucesso!
Aquivo de Hanger  criado com sucesso!
Aquivo de Hannyabal  criado com sucesso!
Aquivo de Haredas  criado com sucesso!
Aquivo de Haruta  criado com sucesso!
Aquivo de Hatchan  criado com sucesso!
Aquivo de Hattori  criado com sucesso!
Aquivo de Heat  criado com sucesso!
Aquivo de Helmeppo  criado com sucesso!
Aquivo de Heppoko  criado com sucesso!
Aquivo de Heracles  criado com sucesso!
Aquivo de Higuma  criado com sucesso!
Aquivo de Hikoichi  criado com sucesso!
Aquivo de Hiluluk  criado com sucesso!
Aquivo de Hina  criado com sucesso!
Aquivo de Hocker  criado com sucesso!
Aquivo de Hody Jones  criado com sucesso!
Aquivo de Hoe  criado com sucesso!
Aquivo de Hogback  criado com sucesso!
Aquivo de Hoichael  criado com sucesso!
Aquivo de Holy  criado com sucesso!
Aquivo de Hotori  criado com sucesso!
Aquivo de Hustle  criado com sucesso!
Aquivo de Hyouzou  criado com sucesso!
Aquivo de Iceburg  criado com sucesso!
Aquivo de Ideaman  criado com sucesso!
Aquivo de Ideo  criado com sucesso!
Aquivo de Igaram  criado com sucesso!
Aquivo de Ikaros Much  criado com sucesso!
Aquivo de Ikkaku  criado com sucesso!
Aquivo de Inazuma  criado com sucesso!
Aquivo de Indigo  criado com sucesso!
Aquivo de Inuarashi  criado com sucesso!
Aquivo de Inuppe  criado com sucesso!
Aquivo de Ipponmatsu  criado com sucesso!
Aquivo de Ipponume  criado com sucesso!
Aquivo de Irmãos Decalvan  criado com sucesso!
Aquivo de Ishilly  criado com sucesso!
Aquivo de Islewan  criado com sucesso!
Aquivo de Isshou  criado com sucesso!
Aquivo de Itomimizu  criado com sucesso!
Aquivo de Ivan X  criado com sucesso!
Aquivo de Izou  criado com sucesso!
Aquivo de Jabura  criado com sucesso!
Aquivo de Jack  criado com sucesso!
Aquivo de Jaguar D. Saul  criado com sucesso!
Aquivo de Jalmack  criado com sucesso!
Aquivo de Jango  criado com sucesso!
Aquivo de Jarul  criado com sucesso!
Aquivo de Jean Ango  criado com sucesso!
Aquivo de Jean Bart  criado com sucesso!
Aquivo de Jean Goen  criado com sucesso!
Aquivo de Jerry  criado com sucesso!
Aquivo de Jesus Burgess  criado com sucesso!
Aquivo de Jewerly Bonney  criado com sucesso!
Aquivo de Jigoro  criado com sucesso!
Aquivo de Jinbe  criado com sucesso!
Aquivo de John Gigante  criado com sucesso!
Aquivo de Johnny  criado com sucesso!
Aquivo de Jorul  criado com sucesso!
Aquivo de Jozu  criado com sucesso!
Aquivo de Judy  criado com sucesso!
Aquivo de Kabu  criado com sucesso!
Aquivo de Kadar  criado com sucesso!
Aquivo de Kagikko  criado com sucesso!
Aquivo de Kaidou  criado com sucesso!
Aquivo de Kairiken  criado com sucesso!
Aquivo de Kairiki Domingos  criado com sucesso!
Aquivo de Kaku  criado com sucesso!
Aquivo de Kalifa  criado com sucesso!
Aquivo de Kamakiri  criado com sucesso!
Aquivo de Kaneshiro  criado com sucesso!
Aquivo de Kanjuro  criado com sucesso!
Aquivo de Karma  criado com sucesso!
Aquivo de Kashi  criado com sucesso!
Aquivo de Kashigami  criado com sucesso!
Aquivo de Kaya  criado com sucesso!
Aquivo de Kelly Funk  criado com sucesso!
Aquivo de Kentauros  criado com sucesso!
Aquivo de Kikyo  criado com sucesso!
Aquivo de Killer  criado com sucesso!
Aquivo de Kin’emon  criado com sucesso!
Aquivo de Kinderella  criado com sucesso!
Aquivo de King  criado com sucesso!
Aquivo de Kingbaum  criado com sucesso!
Aquivo de Kingdew  criado com sucesso!
Aquivo de Kiwi  criado com sucesso!
Aquivo de Koala  criado com sucesso!
Aquivo de Koby  criado com sucesso!
Aquivo de Kohza  criado com sucesso!
Aquivo de Kokoro  criado com sucesso!
Aquivo de Komurasaki  criado com sucesso!
Aquivo de Kong  criado com sucesso!
Aquivo de Kotori  criado com sucesso!
Aquivo de Koushirou  criado com sucesso!
Aquivo de Kouzuki Momonosuke  criado com sucesso!
Aquivo de Kouzuki Oden  criado com sucesso!
Aquivo de Koze  criado com sucesso!
Aquivo de Kozuki Toki  criado com sucesso!
Aquivo de Kuina  criado com sucesso!
Aquivo de Kumadori  criado com sucesso!
Aquivo de Kumashi  criado com sucesso!
Aquivo de Kureha  criado com sucesso!
Aquivo de Kuro  criado com sucesso!
Aquivo de Kuromarimo  criado com sucesso!
Aquivo de Kuroobi  criado com sucesso!
Aquivo de Kuzan  criado com sucesso!
Aquivo de Kyros  criado com sucesso!
Aquivo de Kyuin  criado com sucesso!
Aquivo de Laboon  criado com sucesso!
Aquivo de Lacroix  criado com sucesso!
Aquivo de Lacuba  criado com sucesso!
Aquivo de Laffite  criado com sucesso!
Aquivo de Laki  criado com sucesso!
Aquivo de Lao G  criado com sucesso!
Aquivo de Leo  criado com sucesso!
Aquivo de Lines  criado com sucesso!
Aquivo de Little Oars Jr.  criado com sucesso!
Aquivo de Lorde da Costa  criado com sucesso!
Aquivo de Louis Arnote (brag Men)  criado com sucesso!
Aquivo de Lucky Roo  criado com sucesso!
Aquivo de Machvise  criado com sucesso!
Aquivo de Macro  criado com sucesso!
Aquivo de Magellan  criado com sucesso!
Aquivo de Magra  criado com sucesso!
Aquivo de Makino  criado com sucesso!
Aquivo de Manboshi  criado com sucesso!
Aquivo de Manjaro  criado com sucesso!
Aquivo de Mansherry  criado com sucesso!
Aquivo de Marco  criado com sucesso!
Aquivo de Margareth  criado com sucesso!
Aquivo de Marianne  criado com sucesso!
Aquivo de Marie  criado com sucesso!
Aquivo de Marin  criado com sucesso!
Aquivo de Marshall D. Teach  criado com sucesso!
Aquivo de Mashikaku  criado com sucesso!
Aquivo de Masira  criado com sucesso!
Aquivo de Masukeredomo Goyau Bird  criado com sucesso!
Aquivo de Matsuge  criado com sucesso!
Aquivo de Maynard  criado com sucesso!
Aquivo de Mcguy  criado com sucesso!
Aquivo de Megalo  criado com sucesso!
Aquivo de Merry  criado com sucesso!
Aquivo de Michael  criado com sucesso!
Aquivo de Mikazuki  criado com sucesso!
Aquivo de Mikio Itoo  criado com sucesso!
Aquivo de Mikita  criado com sucesso!
Aquivo de Ministro da Esquerda  criado com sucesso!
Aquivo de Ministro de Direita  criado com sucesso!
Aquivo de Minokoala  criado com sucesso!
Aquivo de Minorhinoceros  criado com sucesso!
Aquivo de Minoruba  criado com sucesso!
Aquivo de Minotaurus  criado com sucesso!
Aquivo de Minozebra  criado com sucesso!
Aquivo de Miss Catherina  criado com sucesso!
Aquivo de Miss Father Day  criado com sucesso!
Aquivo de Miss Friday  criado com sucesso!
Aquivo de Miss Monday  criado com sucesso!
Aquivo de Mocha  criado com sucesso!
Aquivo de Moda  criado com sucesso!
Aquivo de Mohji  criado com sucesso!
Aquivo de Mohmoo  criado com sucesso!
Aquivo de Momonga  criado com sucesso!
Aquivo de Monban  criado com sucesso!
Aquivo de Monda  criado com sucesso!
Aquivo de Monet  criado com sucesso!
Aquivo de Monkey D. Dragon  criado com sucesso!
Aquivo de Monkey D. Garp  criado com sucesso!
Aquivo de Monkey D. Luffy  criado com sucesso!
Aquivo de Monstar  criado com sucesso!
Aquivo de Montblanc Cricket  criado com sucesso!
Aquivo de Montblanc Norland  criado com sucesso!
Aquivo de Moodie  criado com sucesso!
Aquivo de Morgan  criado com sucesso!
Aquivo de Morgans  criado com sucesso!
Aquivo de Mornin  criado com sucesso!
Aquivo de Motobaro  criado com sucesso!
Aquivo de Motzel  criado com sucesso!
Aquivo de Mounblutain  criado com sucesso!
Aquivo de Mousse  criado com sucesso!
Aquivo de Mozu  criado com sucesso!
Aquivo de Mr. 13  criado com sucesso!
Aquivo de Mr. 9  criado com sucesso!
Aquivo de Mr.11  criado com sucesso!
Aquivo de Mummy Mee  criado com sucesso!
Aquivo de Myagi  criado com sucesso!
Aquivo de Nako  criado com sucesso!
Aquivo de Nami  criado com sucesso!
Aquivo de Nami Tritã  criado com sucesso!
Aquivo de Namur  criado com sucesso!
Aquivo de Napoleon  criado com sucesso!
Aquivo de Nefertari Cobra  criado com sucesso!
Aquivo de Nefertari Vivi  criado com sucesso!
Aquivo de Negikuma Maria  criado com sucesso!
Aquivo de Nekomamushi  criado com sucesso!
Aquivo de Neptune  criado com sucesso!
Aquivo de Nerine  criado com sucesso!
Aquivo de Nero  criado com sucesso!
Aquivo de Nezumi  criado com sucesso!
Aquivo de Nico Olvia  criado com sucesso!
Aquivo de Nico Robin  criado com sucesso!
Aquivo de Ninjin  criado com sucesso!
Aquivo de Nojiko  criado com sucesso!
Aquivo de Nola  criado com sucesso!
Aquivo de Nora Gitsune  criado com sucesso!
Aquivo de Nugire Yainu  criado com sucesso!
Aquivo de Nyasha  criado com sucesso!
Aquivo de Oars  criado com sucesso!
Aquivo de Octopako  criado com sucesso!
Aquivo de Ohm  criado com sucesso!
Aquivo de Oimo  criado com sucesso!
Aquivo de Onigumo  criado com sucesso!
Aquivo de Orlumbus  criado com sucesso!
Aquivo de Otohime  criado com sucesso!
Aquivo de Packy  criado com sucesso!
Aquivo de Pajé Dos Shandias  criado com sucesso!
Aquivo de Palms  criado com sucesso!
Aquivo de Panda Shark  criado com sucesso!
Aquivo de Pandaman  criado com sucesso!
Aquivo de Pandawoman  criado com sucesso!
Aquivo de Pankuta Dakeyan  criado com sucesso!
Aquivo de Pansy  criado com sucesso!
Aquivo de Pappag  criado com sucesso!
Aquivo de Pascia  criado com sucesso!
Aquivo de Patty  criado com sucesso!
Aquivo de Paulie  criado com sucesso!
Aquivo de Pearl  criado com sucesso!
Aquivo de Pedro  criado com sucesso!
Aquivo de Peepley Lulu  criado com sucesso!
Aquivo de Pekoms  criado com sucesso!
Aquivo de Pell  criado com sucesso!
Aquivo de Penguin  criado com sucesso!
Aquivo de Peppoko  criado com sucesso!
Aquivo de Perona  criado com sucesso!
Aquivo de Peterman  criado com sucesso!
Aquivo de Pica  criado com sucesso!
Aquivo de Pickles  criado com sucesso!
Aquivo de Pierre  criado com sucesso!
Aquivo de Piiman  criado com sucesso!
Aquivo de Pinky  criado com sucesso!
Aquivo de Pisaro  criado com sucesso!
Aquivo de Polvo Boxeador  criado com sucesso!
Aquivo de Poppoko  criado com sucesso!
Aquivo de Poppy  criado com sucesso!
Aquivo de Porche  criado com sucesso!
Aquivo de Porchemy  criado com sucesso!
Aquivo de Poro  criado com sucesso!
Aquivo de Portgas D. Ace  criado com sucesso!
Aquivo de Portgas D. Rouge  criado com sucesso!
Aquivo de Pound  criado com sucesso!
Aquivo de Prometheus  criado com sucesso!
Aquivo de Pudding Pudding  criado com sucesso!
Aquivo de Raideen  criado com sucesso!
Aquivo de Raizo  criado com sucesso!
Aquivo de Rakuyo  criado com sucesso!
Aquivo de Ramba  criado com sucesso!
Aquivo de Ran  criado com sucesso!
Aquivo de Rebecca  criado com sucesso!
Aquivo de Rei Rikku Doldo Iii  criado com sucesso!
Aquivo de Richie  criado com sucesso!
Aquivo de Rika  criado com sucesso!
Aquivo de Rindo  criado com sucesso!
Aquivo de Ripper  criado com sucesso!
Aquivo de Ririka  criado com sucesso!
Aquivo de Road  criado com sucesso!
Aquivo de Rob Lucci  criado com sucesso!
Aquivo de Rock  criado com sucesso!
Aquivo de Rockstar  criado com sucesso!
Aquivo de Rokkaku  criado com sucesso!
Aquivo de Ronse  criado com sucesso!
Aquivo de Roronoa Zoro  criado com sucesso!
Aquivo de Roshio  criado com sucesso!
Aquivo de Roswald  criado com sucesso!
Aquivo de Roxanne  criado com sucesso!
Aquivo de Ryuboshi  criado com sucesso!
Aquivo de Sabo  criado com sucesso!
Aquivo de Sadi-chan  criado com sucesso!
Aquivo de Sai  criado com sucesso!
Aquivo de Sakazuki  criado com sucesso!
Aquivo de Saldeath  criado com sucesso!
Aquivo de Salome  criado com sucesso!
Aquivo de Sam-san  criado com sucesso!
Aquivo de Samurai Batts  criado com sucesso!
Aquivo de Sanjuan Wolf  criado com sucesso!
Aquivo de Sarie Natokanette  criado com sucesso!
Aquivo de Sarquiss  criado com sucesso!
Aquivo de Saru  criado com sucesso!
Aquivo de Satori  criado com sucesso!
Aquivo de Scarlett  criado com sucesso!
Aquivo de Scotch  criado com sucesso!
Aquivo de Scratchmen Apoo  criado com sucesso!
Aquivo de Sengoku  criado com sucesso!
Aquivo de Señor Pink  criado com sucesso!
Aquivo de Sentoumaru  criado com sucesso!
Aquivo de Seto  criado com sucesso!
Aquivo de Shachi  criado com sucesso!
Aquivo de Shakuyaku  criado com sucesso!
Aquivo de Shalulia  criado com sucesso!
Aquivo de Sham  criado com sucesso!
Aquivo de Shanba  criado com sucesso!
Aquivo de Shanks  criado com sucesso!
Aquivo de Sheepshead  criado com sucesso!
Aquivo de Shelly  criado com sucesso!
Aquivo de Shiki  criado com sucesso!
Aquivo de Shimotsuki Ryuma  criado com sucesso!
Aquivo de Shimotsuki Yasuie  criado com sucesso!
Aquivo de Shioyaki  criado com sucesso!
Aquivo de Shirahoshi  criado com sucesso!
Aquivo de Shiryu  criado com sucesso!
Aquivo de Shishilian  criado com sucesso!
Aquivo de Shoujou  criado com sucesso!
Aquivo de Shura  criado com sucesso!
Aquivo de Shyarly  criado com sucesso!
Aquivo de Sicily  criado com sucesso!
Aquivo de Silvers Rayleigh  criado com sucesso!
Aquivo de Smiley  criado com sucesso!
Aquivo de Smoker  criado com sucesso!
Aquivo de Snowman  criado com sucesso!
Aquivo de Sodoma E Gomorra  criado com sucesso!
Aquivo de Soro  criado com sucesso!
Aquivo de Spandam  criado com sucesso!
Aquivo de Spandine  criado com sucesso!
Aquivo de Speed Jiru  criado com sucesso!
Aquivo de Splash E Splatter  criado com sucesso!
Aquivo de Spoil  criado com sucesso!
Aquivo de Squard  criado com sucesso!
Aquivo de Stalker  criado com sucesso!
Aquivo de Stansen  criado com sucesso!
Aquivo de Stelly  criado com sucesso!
Aquivo de Stomp  criado com sucesso!
Aquivo de Strawberry  criado com sucesso!
Aquivo de Streusen  criado com sucesso!
Aquivo de Stronger  criado com sucesso!
Aquivo de Stussy  criado com sucesso!
Aquivo de Su  criado com sucesso!
Aquivo de Sugar  criado com sucesso!
Aquivo de Suleiman  criado com sucesso!
Aquivo de Surume  criado com sucesso!
Aquivo de Sweet Pea  criado com sucesso!
Aquivo de T-bone  criado com sucesso!
Aquivo de Tacos  criado com sucesso!
Aquivo de Take  criado com sucesso!
Aquivo de Tamachibi  criado com sucesso!
Aquivo de Tamanegi  criado com sucesso!
Aquivo de Tank Lepanto  criado com sucesso!
Aquivo de Taroimo  criado com sucesso!
Aquivo de Tashigi  criado com sucesso!
Aquivo de Tenente Spacey  criado com sucesso!
Aquivo de Terracotta  criado com sucesso!
Aquivo de Thalassa Lucas  criado com sucesso!
Aquivo de Thatch  criado com sucesso!
Aquivo de The Snow Queen  criado com sucesso!
Aquivo de Thousand Sunny  criado com sucesso!
Aquivo de Tibany  criado com sucesso!
Aquivo de Tightrope Walking Funan Bros  criado com sucesso!
Aquivo de Tilestone  criado com sucesso!
Aquivo de Tom  criado com sucesso!
Aquivo de Tonjit  criado com sucesso!
Aquivo de Tony Tony Chopper  criado com sucesso!
Aquivo de Toto  criado com sucesso!
Aquivo de Trafalgar Law  criado com sucesso!
Aquivo de Trebol  criado com sucesso!
Aquivo de Tribo Kumate  criado com sucesso!
Aquivo de Tsukimi  criado com sucesso!
Aquivo de Tsuru  criado com sucesso!
Aquivo de Turco  criado com sucesso!
Aquivo de Tyrannosaurus  criado com sucesso!
Aquivo de Ucy  criado com sucesso!
Aquivo de Ukkari  criado com sucesso!
Aquivo de Umit  criado com sucesso!
Aquivo de Urouge  criado com sucesso!
Aquivo de Usopp  criado com sucesso!
Aquivo de Van Augur  criado com sucesso!
Aquivo de Vander Decken Ix  criado com sucesso!
Aquivo de Vasco Shot  criado com sucesso!
Aquivo de Vegapunk  criado com sucesso!
Aquivo de Vergo  criado com sucesso!
Aquivo de Very Good  criado com sucesso!
Aquivo de Victoria Cindry  criado com sucesso!
Aquivo de Vinsmoke Ichiji  criado com sucesso!
Aquivo de Vinsmoke Reiju  criado com sucesso!
Aquivo de Vinsmoke Sanji  criado com sucesso!
Aquivo de Vinsmoke Sora  criado com sucesso!
Aquivo de Vinsmoke Yonji  criado com sucesso!
Aquivo de Viola  criado com sucesso!
Aquivo de Vismoke Judge  criado com sucesso!
Aquivo de Vismoke Niji  criado com sucesso!
Aquivo de Vista  criado com sucesso!
Aquivo de Vito  criado com sucesso!
Aquivo de Wadatsumi  criado com sucesso!
Aquivo de Wanda  criado com sucesso!
Aquivo de Wanze  criado com sucesso!
Aquivo de Wapol  criado com sucesso!
Aquivo de Whitey Bay  criado com sucesso!
Aquivo de Wiper  criado com sucesso!
Aquivo de Wire  criado com sucesso!
Aquivo de Woop Slap  criado com sucesso!
Aquivo de X-drake  criado com sucesso!
Aquivo de Xuxu  criado com sucesso!
Aquivo de Yama  criado com sucesso!
Aquivo de Yamakaji  criado com sucesso!
Aquivo de Yamato  criado com sucesso!
Aquivo de Yasopp  criado com sucesso!
Aquivo de Yorki  criado com sucesso!
Aquivo de Yosaku  criado com sucesso!
Aquivo de Yu  criado com sucesso!
Aquivo de Yuda 1  criado com sucesso!
Aquivo de Yuda 2  criado com sucesso!
Aquivo de Yuki  criado com sucesso!
Aquivo de Zala  criado com sucesso!
Aquivo de Zambai  criado com sucesso!
Aquivo de Zeff  criado com sucesso!
Aquivo de Zeo  criado com sucesso!
Aquivo de Zeus  criado com sucesso!
Aquivo de Zunesha  criado com sucesso!
####################################################################################################
putting in the mongo
####################################################################################################
arquivos removidos corretamente!
arquivos removidos corretamente!
arquivos removidos corretamente!
arquivos removidos corretamente!
arquivos removidos corretamente!
arquivos removidos corretamente!
arquivos removidos corretamente!
arquivos removidos corretamente!
arquivos removidos corretamente!
arquivos removidos corretamente!
arquivos removidos corretamente!
arquivos removidos corretamente!
arquivos removidos corretamente!
arquivos removidos corretamente!
arquivos removidos corretamente!
arquivos removidos corretamente!
arquivos removidos corretamente!
arquivos removidos corretamente!
arquivos removidos corretamente!
arquivos removidos corretamente!
arquivos removidos corretamente!
arquivos removidos corretamente!
arquivos removidos corretamente!
arquivos removidos corretamente!
arquivos removidos corretamente!
arquivos removidos corretamente!
arquivos removidos corretamente!
arquivos removidos corretamente!
arquivos removidos corretamente!
arquivos removidos corretamente!
arquivos removidos corretamente!
arquivos removidos corretamente!
arquivos removidos corretamente!
arquivos removidos corretamente!
arquivos removidos corretamente!
arquivos removidos corretamente!
arquivos removidos corretamente!
arquivos removidos corretamente!
arquivos removidos corretamente!
arquivos removidos corretamente!
arquivos removidos corretamente!
arquivos removidos corretamente!
arquivos removidos corretamente!
arquivos removidos corretamente!
arquivos removidos corretamente!
arquivos removidos corretamente!
arquivos removidos corretamente!
arquivos removidos corretamente!
arquivos removidos corretamente!
arquivos removidos corretamente!
arquivos removidos corretamente!
arquivos removidos corretamente!
arquivos removidos corretamente!
arquivos removidos corretamente!
arquivos removidos corretamente!
arquivos removidos corretamente!
arquivos removidos corretamente!
arquivos removidos corretamente!
arquivos removidos corretamente!
arquivos removidos corretamente!
arquivos removidos corretamente!
arquivos removidos corretamente!
arquivos removidos corretamente!
arquivos removidos corretamente!
arquivos removidos corretamente!
arquivos removidos corretamente!
arquivos removidos corretamente!
arquivos removidos corretamente!
arquivos removidos corretamente!
arquivos removidos corretamente!
arquivos removidos corretamente!
arquivos removidos corretamente!
arquivos removidos corretamente!
arquivos removidos corretamente!
arquivos removidos corretamente!
arquivos removidos corretamente!
arquivos removidos corretamente!
arquivos removidos corretamente!
arquivos removidos corretamente!
arquivos removidos corretamente!
arquivos removidos corretamente!
arquivos removidos corretamente!
arquivos removidos corretamente!
arquivos removidos corretamente!
arquivos removidos corretamente!
arquivos removidos corretamente!
arquivos removidos corretamente!
arquivos removidos corretamente!
arquivos removidos corretamente!
arquivos removidos corretamente!
arquivos removidos corretamente!
arquivos removidos corretamente!
arquivos removidos corretamente!
arquivos removidos corretamente!
arquivos removidos corretamente!
arquivos removidos corretamente!
arquivos removidos corretamente!
arquivos removidos corretamente!
arquivos removidos corretamente!
arquivos removidos corretamente!
arquivos removidos corretamente!
arquivos removidos corretamente!
arquivos removidos corretamente!
arquivos removidos corretamente!
arquivos removidos corretamente!
arquivos removidos corretamente!
arquivos removidos corretamente!
arquivos removidos corretamente!
arquivos removidos corretamente!
arquivos removidos corretamente!
arquivos removidos corretamente!
arquivos removidos corretamente!
arquivos removidos corretamente!
arquivos removidos corretamente!
arquivos removidos corretamente!
arquivos removidos corretamente!
arquivos removidos corretamente!
arquivos removidos corretamente!
arquivos removidos corretamente!
arquivos removidos corretamente!
arquivos removidos corretamente!
arquivos removidos corretamente!
arquivos removidos corretamente!
arquivos removidos corretamente!
arquivos removidos corretamente!
arquivos removidos corretamente!
arquivos removidos corretamente!
arquivos removidos corretamente!
arquivos removidos corretamente!
arquivos removidos corretamente!
arquivos removidos corretamente!
arquivos removidos corretamente!
arquivos removidos corretamente!
arquivos removidos corretamente!
arquivos removidos corretamente!
arquivos removidos corretamente!
arquivos removidos corretamente!
arquivos removidos corretamente!
arquivos removidos corretamente!
arquivos removidos corretamente!
arquivos removidos corretamente!
arquivos removidos corretamente!
arquivos removidos corretamente!
arquivos removidos corretamente!
arquivos removidos corretamente!
arquivos removidos corretamente!
arquivos removidos corretamente!
arquivos removidos corretamente!
arquivos removidos corretamente!
arquivos removidos corretamente!
arquivos removidos corretamente!
arquivos removidos corretamente!
arquivos removidos corretamente!
arquivos removidos corretamente!
arquivos removidos corretamente!
arquivos removidos corretamente!
arquivos removidos corretamente!
arquivos removidos corretamente!
arquivos removidos corretamente!
arquivos removidos corretamente!
arquivos removidos corretamente!
arquivos removidos corretamente!
arquivos removidos corretamente!
arquivos removidos corretamente!
arquivos removidos corretamente!
arquivos removidos corretamente!
arquivos removidos corretamente!
arquivos removidos corretamente!
arquivos removidos corretamente!
arquivos removidos corretamente!
arquivos removidos corretamente!
arquivos removidos corretamente!
arquivos removidos corretamente!
arquivos removidos corretamente!
arquivos removidos corretamente!
arquivos removidos corretamente!
arquivos removidos corretamente!
arquivos removidos corretamente!
arquivos removidos corretamente!
arquivos removidos corretamente!
arquivos removidos corretamente!
arquivos removidos corretamente!
arquivos removidos corretamente!
arquivos removidos corretamente!
arquivos removidos corretamente!
arquivos removidos corretamente!
arquivos removidos corretamente!
arquivos removidos corretamente!
arquivos removidos corretamente!
arquivos removidos corretamente!
arquivos removidos corretamente!
arquivos removidos corretamente!
arquivos removidos corretamente!
arquivos removidos corretamente!
arquivos removidos corretamente!
arquivos removidos corretamente!
arquivos removidos corretamente!
arquivos removidos corretamente!
arquivos removidos corretamente!
arquivos removidos corretamente!
arquivos removidos corretamente!
arquivos removidos corretamente!
arquivos removidos corretamente!
arquivos removidos corretamente!
arquivos removidos corretamente!
arquivos removidos corretamente!
arquivos removidos corretamente!
arquivos removidos corretamente!
arquivos removidos corretamente!
arquivos removidos corretamente!
arquivos removidos corretamente!
arquivos removidos corretamente!
arquivos removidos corretamente!
arquivos removidos corretamente!
arquivos removidos corretamente!
arquivos removidos corretamente!
arquivos removidos corretamente!
arquivos removidos corretamente!
arquivos removidos corretamente!
arquivos removidos corretamente!
arquivos removidos corretamente!
arquivos removidos corretamente!
arquivos removidos corretamente!
arquivos removidos corretamente!
arquivos removidos corretamente!
arquivos removidos corretamente!
arquivos removidos corretamente!
arquivos removidos corretamente!
arquivos removidos corretamente!
arquivos removidos corretamente!
arquivos removidos corretamente!
arquivos removidos corretamente!
arquivos removidos corretamente!
arquivos removidos corretamente!
arquivos removidos corretamente!
arquivos removidos corretamente!
arquivos removidos corretamente!
arquivos removidos corretamente!
arquivos removidos corretamente!
arquivos removidos corretamente!
arquivos removidos corretamente!
arquivos removidos corretamente!
arquivos removidos corretamente!
arquivos removidos corretamente!
arquivos removidos corretamente!
arquivos removidos corretamente!
arquivos removidos corretamente!
arquivos removidos corretamente!
arquivos removidos corretamente!
arquivos removidos corretamente!
arquivos removidos corretamente!
arquivos removidos corretamente!
arquivos removidos corretamente!
arquivos removidos corretamente!
arquivos removidos corretamente!
arquivos removidos corretamente!
arquivos removidos corretamente!
arquivos removidos corretamente!
arquivos removidos corretamente!
arquivos removidos corretamente!
arquivos removidos corretamente!
arquivos removidos corretamente!
arquivos removidos corretamente!
arquivos removidos corretamente!
arquivos removidos corretamente!
arquivos removidos corretamente!
arquivos removidos corretamente!
arquivos removidos corretamente!
arquivos removidos corretamente!
arquivos removidos corretamente!
arquivos removidos corretamente!
arquivos removidos corretamente!
arquivos removidos corretamente!
arquivos removidos corretamente!
arquivos removidos corretamente!
arquivos removidos corretamente!
arquivos removidos corretamente!
arquivos removidos corretamente!
arquivos removidos corretamente!
arquivos removidos corretamente!
arquivos removidos corretamente!
arquivos removidos corretamente!
arquivos removidos corretamente!
arquivos removidos corretamente!
arquivos removidos corretamente!
arquivos removidos corretamente!
arquivos removidos corretamente!
arquivos removidos corretamente!
arquivos removidos corretamente!
arquivos removidos corretamente!
arquivos removidos corretamente!
arquivos removidos corretamente!
arquivos removidos corretamente!
arquivos removidos corretamente!
arquivos removidos corretamente!
arquivos removidos corretamente!
arquivos removidos corretamente!
arquivos removidos corretamente!
arquivos removidos corretamente!
arquivos removidos corretamente!
arquivos removidos corretamente!
arquivos removidos corretamente!
arquivos removidos corretamente!
arquivos removidos corretamente!
arquivos removidos corretamente!
arquivos removidos corretamente!
arquivos removidos corretamente!
arquivos removidos corretamente!
arquivos removidos corretamente!
arquivos removidos corretamente!
arquivos removidos corretamente!
arquivos removidos corretamente!
arquivos removidos corretamente!
arquivos removidos corretamente!
arquivos removidos corretamente!
arquivos removidos corretamente!
arquivos removidos corretamente!
arquivos removidos corretamente!
arquivos removidos corretamente!
arquivos removidos corretamente!
arquivos removidos corretamente!
arquivos removidos corretamente!
arquivos removidos corretamente!
arquivos removidos corretamente!
arquivos removidos corretamente!
arquivos removidos corretamente!
arquivos removidos corretamente!
arquivos removidos corretamente!
arquivos removidos corretamente!
arquivos removidos corretamente!
arquivos removidos corretamente!
arquivos removidos corretamente!
arquivos removidos corretamente!
arquivos removidos corretamente!
arquivos removidos corretamente!
arquivos removidos corretamente!
arquivos removidos corretamente!
arquivos removidos corretamente!
arquivos removidos corretamente!
arquivos removidos corretamente!
arquivos removidos corretamente!
arquivos removidos corretamente!
arquivos removidos corretamente!
arquivos removidos corretamente!
arquivos removidos corretamente!
arquivos removidos corretamente!
arquivos removidos corretamente!
arquivos removidos corretamente!
arquivos removidos corretamente!
arquivos removidos corretamente!
arquivos removidos corretamente!
arquivos removidos corretamente!
arquivos removidos corretamente!
arquivos removidos corretamente!
arquivos removidos corretamente!
arquivos removidos corretamente!
arquivos removidos corretamente!
arquivos removidos corretamente!
arquivos removidos corretamente!
arquivos removidos corretamente!
arquivos removidos corretamente!
arquivos removidos corretamente!
arquivos removidos corretamente!
arquivos removidos corretamente!
arquivos removidos corretamente!
arquivos removidos corretamente!
arquivos removidos corretamente!
arquivos removidos corretamente!
arquivos removidos corretamente!
arquivos removidos corretamente!
arquivos removidos corretamente!
arquivos removidos corretamente!
arquivos removidos corretamente!
arquivos removidos corretamente!
arquivos removidos corretamente!
arquivos removidos corretamente!
arquivos removidos corretamente!
arquivos removidos corretamente!
arquivos removidos corretamente!
arquivos removidos corretamente!
arquivos removidos corretamente!
arquivos removidos corretamente!
arquivos removidos corretamente!
arquivos removidos corretamente!
arquivos removidos corretamente!
arquivos removidos corretamente!
arquivos removidos corretamente!
arquivos removidos corretamente!
arquivos removidos corretamente!
arquivos removidos corretamente!
arquivos removidos corretamente!
arquivos removidos corretamente!
arquivos removidos corretamente!
arquivos removidos corretamente!
arquivos removidos corretamente!
arquivos removidos corretamente!
arquivos removidos corretamente!
arquivos removidos corretamente!
arquivos removidos corretamente!
arquivos removidos corretamente!
arquivos removidos corretamente!
arquivos removidos corretamente!
arquivos removidos corretamente!
arquivos removidos corretamente!
arquivos removidos corretamente!
arquivos removidos corretamente!
arquivos removidos corretamente!
arquivos removidos corretamente!
arquivos removidos corretamente!
arquivos removidos corretamente!
arquivos removidos corretamente!
arquivos removidos corretamente!
arquivos removidos corretamente!
arquivos removidos corretamente!
arquivos removidos corretamente!
arquivos removidos corretamente!
arquivos removidos corretamente!
arquivos removidos corretamente!
arquivos removidos corretamente!
arquivos removidos corretamente!
arquivos removidos corretamente!
arquivos removidos corretamente!
arquivos removidos corretamente!
arquivos removidos corretamente!
arquivos removidos corretamente!
arquivos removidos corretamente!
arquivos removidos corretamente!
arquivos removidos corretamente!
arquivos removidos corretamente!
arquivos removidos corretamente!
arquivos removidos corretamente!
arquivos removidos corretamente!
arquivos removidos corretamente!
arquivos removidos corretamente!
arquivos removidos corretamente!
arquivos removidos corretamente!
arquivos removidos corretamente!
arquivos removidos corretamente!
arquivos removidos corretamente!
arquivos removidos corretamente!
arquivos removidos corretamente!
arquivos removidos corretamente!
arquivos removidos corretamente!
arquivos removidos corretamente!
arquivos removidos corretamente!
arquivos removidos corretamente!
arquivos removidos corretamente!
arquivos removidos corretamente!
arquivos removidos corretamente!
arquivos removidos corretamente!
arquivos removidos corretamente!
arquivos removidos corretamente!
arquivos removidos corretamente!
arquivos removidos corretamente!
arquivos removidos corretamente!
arquivos removidos corretamente!
arquivos removidos corretamente!
arquivos removidos corretamente!
arquivos removidos corretamente!
arquivos removidos corretamente!
arquivos removidos corretamente!
arquivos removidos corretamente!
arquivos removidos corretamente!
arquivos removidos corretamente!
arquivos removidos corretamente!
arquivos removidos corretamente!
arquivos removidos corretamente!
arquivos removidos corretamente!
arquivos removidos corretamente!
arquivos removidos corretamente!
arquivos removidos corretamente!
arquivos removidos corretamente!
arquivos removidos corretamente!
arquivos removidos corretamente!
arquivos removidos corretamente!
arquivos removidos corretamente!
arquivos removidos corretamente!
arquivos removidos corretamente!
arquivos removidos corretamente!
arquivos removidos corretamente!
arquivos removidos corretamente!
arquivos removidos corretamente!
arquivos removidos corretamente!
arquivos removidos corretamente!
arquivos removidos corretamente!
arquivos removidos corretamente!
arquivos removidos corretamente!
arquivos removidos corretamente!
arquivos removidos corretamente!
arquivos removidos corretamente!
arquivos removidos corretamente!
arquivos removidos corretamente!
arquivos removidos corretamente!
arquivos removidos corretamente!
arquivos removidos corretamente!
arquivos removidos corretamente!
arquivos removidos corretamente!
arquivos removidos corretamente!
arquivos removidos corretamente!
arquivos removidos corretamente!
arquivos removidos corretamente!
arquivos removidos corretamente!
arquivos removidos corretamente!
arquivos removidos corretamente!
arquivos removidos corretamente!
arquivos removidos corretamente!
arquivos removidos corretamente!
arquivos removidos corretamente!
arquivos removidos corretamente!
arquivos removidos corretamente!
arquivos removidos corretamente!
arquivos removidos corretamente!
arquivos removidos corretamente!
arquivos removidos corretamente!
arquivos removidos corretamente!
arquivos removidos corretamente!
arquivos removidos corretamente!
arquivos removidos corretamente!
arquivos removidos corretamente!
arquivos removidos corretamente!
arquivos removidos corretamente!
arquivos removidos corretamente!
arquivos removidos corretamente!
arquivos removidos corretamente!
arquivos removidos corretamente!
arquivos removidos corretamente!
arquivos removidos corretamente!
arquivos removidos corretamente!
arquivos removidos corretamente!
arquivos removidos corretamente!
arquivos removidos corretamente!
arquivos removidos corretamente!
arquivos removidos corretamente!
arquivos removidos corretamente!
arquivos removidos corretamente!
arquivos removidos corretamente!
arquivos removidos corretamente!
arquivos removidos corretamente!
arquivos removidos corretamente!
arquivos removidos corretamente!
arquivos removidos corretamente!
arquivos removidos corretamente!
arquivos removidos corretamente!
arquivos removidos corretamente!
arquivos removidos corretamente!
arquivos removidos corretamente!
arquivos removidos corretamente!
arquivos removidos corretamente!
arquivos removidos corretamente!
arquivos removidos corretamente!
arquivos removidos corretamente!
arquivos removidos corretamente!
arquivos removidos corretamente!
arquivos removidos corretamente!
arquivos removidos corretamente!
arquivos removidos corretamente!
arquivos removidos corretamente!
arquivos removidos corretamente!
arquivos removidos corretamente!
arquivos removidos corretamente!
arquivos removidos corretamente!
arquivos removidos corretamente!
arquivos removidos corretamente!
arquivos removidos corretamente!
arquivos removidos corretamente!
arquivos removidos corretamente!
arquivos removidos corretamente!
arquivos removidos corretamente!
arquivos removidos corretamente!
arquivos removidos corretamente!
arquivos removidos corretamente!
arquivos removidos corretamente!
arquivos removidos corretamente!
arquivos removidos corretamente!
arquivos removidos corretamente!
arquivos removidos corretamente!
arquivos removidos corretamente!
arquivos removidos corretamente!
arquivos removidos corretamente!
arquivos removidos corretamente!
arquivos removidos corretamente!
arquivos removidos corretamente!
arquivos removidos corretamente!
arquivos removidos corretamente!
arquivos removidos corretamente!
arquivos removidos corretamente!
arquivos removidos corretamente!
arquivos removidos corretamente!
arquivos removidos corretamente!
arquivos removidos corretamente!
arquivos removidos corretamente!
arquivos removidos corretamente!
arquivos removidos corretamente!
arquivos removidos corretamente!
arquivos removidos corretamente!
arquivos removidos corretamente!
arquivos removidos corretamente!
arquivos removidos corretamente!
arquivos removidos corretamente!
arquivos removidos corretamente!
arquivos removidos corretamente!
arquivos removidos corretamente!
arquivos removidos corretamente!
arquivos removidos corretamente!
arquivos removidos corretamente!
arquivos removidos corretamente!
arquivos removidos corretamente!
arquivos removidos corretamente!
arquivos removidos corretamente!
arquivos removidos corretamente!
arquivos removidos corretamente!
arquivos removidos corretamente!
arquivos removidos corretamente!
arquivos removidos corretamente!
arquivos removidos corretamente!
arquivos removidos corretamente!
arquivos removidos corretamente!
arquivos removidos corretamente!
arquivos removidos corretamente!
arquivos removidos corretamente!
arquivos removidos corretamente!
arquivos removidos corretamente!
arquivos removidos corretamente!
arquivos removidos corretamente!
arquivos removidos corretamente!
arquivos removidos corretamente!
arquivos removidos corretamente!
arquivos removidos corretamente!
arquivos removidos corretamente!
arquivos removidos corretamente!
arquivos removidos corretamente!
arquivos removidos corretamente!
arquivos removidos corretamente!
arquivos removidos corretamente!
arquivos removidos corretamente!
arquivos removidos corretamente!
arquivos removidos corretamente!
arquivos removidos corretamente!
arquivos removidos corretamente!
arquivos removidos corretamente!
arquivos removidos corretamente!
arquivos removidos corretamente!
arquivos removidos corretamente!
arquivos removidos corretamente!
arquivos removidos corretamente!
arquivos removidos corretamente!
arquivos removidos corretamente!
arquivos removidos corretamente!
arquivos removidos corretamente!
arquivos removidos corretamente!
arquivos removidos corretamente!
arquivos removidos corretamente!
arquivos removidos corretamente!
arquivos removidos corretamente!
arquivos removidos corretamente!
arquivos removidos corretamente!
arquivos removidos corretamente!
arquivos removidos corretamente!
arquivos removidos corretamente!
arquivos removidos corretamente!
arquivos removidos corretamente!
arquivos removidos corretamente!
arquivos removidos corretamente!
arquivos removidos corretamente!
arquivos removidos corretamente!
arquivos removidos corretamente!
arquivos removidos corretamente!
arquivos removidos corretamente!
arquivos removidos corretamente!
arquivos removidos corretamente!
arquivos removidos corretamente!
arquivos removidos corretamente!
arquivos removidos corretamente!
arquivos removidos corretamente!
arquivos removidos corretamente!
arquivos removidos corretamente!
arquivos removidos corretamente!
arquivos removidos corretamente!
arquivos removidos corretamente!
arquivos removidos corretamente!
arquivos removidos corretamente!
arquivos removidos corretamente!
arquivos removidos corretamente!
arquivos removidos corretamente!
arquivos removidos corretamente!
arquivos removidos corretamente!
arquivos removidos corretamente!
####################################################################################################
Load from mongo
####################################################################################################
:: loading settings :: url = jar:file:/usr/local/lib/python3.8/dist-packages/pyspark/jars/ivy-2.5.0.jar!/org/apache/ivy/core/settings/ivysettings.xml
